build/app/intermediates/manifest_merge_blame_file/debug/manifest-merger-blame-debug-report.txt
1<?xml version="1.0" encoding="utf-8"?>
2<manifest xmlns:android="http://schemas.android.com/apk/res/android"
3    package="indian.fastfood.recipes"
4    android:versionCode="1"
5    android:versionName="1.0.0" >
6
7    <uses-sdk
8        android:minSdkVersion="21"
9        android:targetSdkVersion="29" />
10    <!--
11         Flutter needs it to communicate with the running application
12         to allow setting breakpoints, to provide hot reload, etc.
13    -->
14    <uses-permission android:name="android.permission.INTERNET" />
14-->src/main/AndroidManifest.xml:3:5-67
14-->src/main/AndroidManifest.xml:3:22-64
15
16    <queries>
16-->src/main/AndroidManifest.xml:4:5-9:15
17        <intent>
17-->src/main/AndroidManifest.xml:5:9-8:18
18            <action android:name="android.intent.action.VIEW" />
18-->src/main/AndroidManifest.xml:6:13-65
18-->src/main/AndroidManifest.xml:6:21-62
19
20            <data android:scheme="geo" />
20-->src/main/AndroidManifest.xml:7:13-42
20-->src/main/AndroidManifest.xml:7:19-39
21        </intent>
22        <intent>
22-->[:flutter_inappwebview] AndroidManifest.xml:8:9-10:18
23            <action android:name="android.support.customtabs.action.CustomTabsService" />
23-->[:flutter_inappwebview] AndroidManifest.xml:9:13-90
23-->[:flutter_inappwebview] AndroidManifest.xml:9:21-87
24        </intent> <!-- For browser content -->
25        <intent>
25-->[com.google.android.gms:play-services-ads-lite:20.6.0] AndroidManifest.xml:31:9-37:18
26            <action android:name="android.intent.action.VIEW" />
26-->src/main/AndroidManifest.xml:6:13-65
26-->src/main/AndroidManifest.xml:6:21-62
27
28            <category android:name="android.intent.category.BROWSABLE" />
28-->[com.google.android.gms:play-services-ads-lite:20.6.0] AndroidManifest.xml:34:13-74
28-->[com.google.android.gms:play-services-ads-lite:20.6.0] AndroidManifest.xml:34:23-71
29
30            <data android:scheme="https" />
30-->src/main/AndroidManifest.xml:7:13-42
30-->src/main/AndroidManifest.xml:7:19-39
31        </intent>
32    </queries>
33
34    <uses-permission android:name="android.permission.WAKE_LOCK" />
34-->[:firebase_messaging] AndroidManifest.xml:8:5-68
34-->[:firebase_messaging] AndroidManifest.xml:8:22-65
35    <uses-permission android:name="android.permission.ACCESS_NETWORK_STATE" />
35-->[:firebase_messaging] AndroidManifest.xml:9:5-79
35-->[:firebase_messaging] AndroidManifest.xml:9:22-76
36    <uses-permission android:name="android.permission.RECEIVE_BOOT_COMPLETED" />
36-->[:flutter_local_notifications] AndroidManifest.xml:7:5-81
36-->[:flutter_local_notifications] AndroidManifest.xml:7:22-78
37    <uses-permission android:name="android.permission.VIBRATE" />
37-->[:flutter_local_notifications] AndroidManifest.xml:8:5-66
37-->[:flutter_local_notifications] AndroidManifest.xml:8:22-63
38    <uses-permission android:name="android.permission.USE_FULL_SCREEN_INTENT" />
38-->[:flutter_local_notifications] AndroidManifest.xml:9:5-81
38-->[:flutter_local_notifications] AndroidManifest.xml:9:22-78
39    <uses-permission android:name="android.permission.SCHEDULE_EXACT_ALARM" /> <!-- Required by older versions of Google Play services to create IID tokens -->
39-->[:flutter_local_notifications] AndroidManifest.xml:10:5-79
39-->[:flutter_local_notifications] AndroidManifest.xml:10:22-76
40    <uses-permission android:name="com.google.android.c2dm.permission.RECEIVE" />
40-->[com.google.firebase:firebase-messaging:23.0.3] AndroidManifest.xml:28:5-82
40-->[com.google.firebase:firebase-messaging:23.0.3] AndroidManifest.xml:28:22-79
41    <uses-permission android:name="com.google.android.gms.permission.AD_ID" />
41-->[com.google.android.gms:play-services-measurement-api:20.1.2] AndroidManifest.xml:25:5-79
41-->[com.google.android.gms:play-services-measurement-api:20.1.2] AndroidManifest.xml:25:22-76
42    <uses-permission android:name="com.google.android.finsky.permission.BIND_GET_INSTALL_REFERRER_SERVICE" />
42-->[com.google.android.gms:play-services-measurement:20.1.2] AndroidManifest.xml:26:5-110
42-->[com.google.android.gms:play-services-measurement:20.1.2] AndroidManifest.xml:26:22-107
43    <uses-permission android:name="android.permission.FOREGROUND_SERVICE" />
43-->[androidx.work:work-runtime:2.7.0] AndroidManifest.xml:28:5-77
43-->[androidx.work:work-runtime:2.7.0] AndroidManifest.xml:28:22-74
44
45    <application
45-->src/main/AndroidManifest.xml:11:4-59:19
46        android:name="indian.fastfood.recipes.Application"
46-->src/main/AndroidManifest.xml:12:8-35
47        android:appComponentFactory="androidx.core.app.CoreComponentFactory"
47-->[androidx.core:core:1.7.0] AndroidManifest.xml:24:18-86
48        android:debuggable="true"
49        android:icon="@mipmap/ic_launcher"
49-->src/main/AndroidManifest.xml:14:9-43
50        android:label="indianfastfoodrecipes" >
50-->src/main/AndroidManifest.xml:13:9-46
51        <activity
51-->src/main/AndroidManifest.xml:15:9-35:20
52            android:name="indian.fastfood.recipes.MainActivity"
52-->src/main/AndroidManifest.xml:16:13-41
53            android:configChanges="orientation|keyboardHidden|keyboard|screenSize|smallestScreenSize|locale|layoutDirection|fontScale|screenLayout|density|uiMode"
53-->src/main/AndroidManifest.xml:20:13-163
54            android:exported="true"
54-->src/main/AndroidManifest.xml:17:13-36
55            android:hardwareAccelerated="true"
55-->src/main/AndroidManifest.xml:21:13-47
56            android:launchMode="singleTop"
56-->src/main/AndroidManifest.xml:18:13-43
57            android:theme="@style/LaunchTheme"
57-->src/main/AndroidManifest.xml:19:13-47
58            android:windowSoftInputMode="adjustResize" >
58-->src/main/AndroidManifest.xml:22:13-55
59
60            <!--
61                 Specifies an Android theme to apply to this Activity as soon as
62                 the Android process has started. This theme is visible to the user
63                 while the Flutter UI initializes. After that, this theme continues
64                 to determine the Window background behind the Flutter UI.
65            -->
66            <meta-data
66-->src/main/AndroidManifest.xml:27:13-30:17
67                android:name="io.flutter.embedding.android.NormalTheme"
67-->src/main/AndroidManifest.xml:28:15-70
68                android:resource="@style/NormalTheme" />
68-->src/main/AndroidManifest.xml:29:15-52
69
70            <intent-filter>
70-->src/main/AndroidManifest.xml:31:13-34:29
71                <action android:name="android.intent.action.MAIN" />
71-->src/main/AndroidManifest.xml:32:17-68
71-->src/main/AndroidManifest.xml:32:25-66
72
73                <category android:name="android.intent.category.LAUNCHER" />
73-->src/main/AndroidManifest.xml:33:17-76
73-->src/main/AndroidManifest.xml:33:27-74
74            </intent-filter>
75        </activity>
76        <!--
77        <provider
78            android:name="androidx.core.content.FileProvider"
79            android:authorities="${applicationId}.provider"
80            android:exported="false"
81            android:grantUriPermissions="true">
82            <meta-data
83                android:name="android.support.FILE_PROVIDER_PATHS"
84                android:resource="@xml/provider_paths"/>
85        </provider>
86        -->
87        <!--
88             Don't delete the meta-data below.
89             This is used by the Flutter tool to generate GeneratedPluginRegistrant.java
90        -->
91        <meta-data
91-->src/main/AndroidManifest.xml:47:9-49:33
92            android:name="flutterEmbedding"
92-->src/main/AndroidManifest.xml:48:13-44
93            android:value="2" />
93-->src/main/AndroidManifest.xml:49:13-30
94        <meta-data
94-->src/main/AndroidManifest.xml:50:8-52:68
95            android:name="com.google.android.gms.ads.APPLICATION_ID"
95-->src/main/AndroidManifest.xml:51:12-68
96            android:value="ca-app-pub-9516079090907253~3007722935" />
96-->src/main/AndroidManifest.xml:52:12-66
97        <meta-data
97-->src/main/AndroidManifest.xml:53:8-55:56
98            android:name="com.google.firebase.messaging.default_notification_icon"
98-->src/main/AndroidManifest.xml:54:12-82
99            android:resource="@drawable/notification" />
99-->src/main/AndroidManifest.xml:55:12-53
100        <meta-data
100-->src/main/AndroidManifest.xml:56:8-58:54
101            android:name="com.google.firebase.messaging.default_notification_channel_id"
101-->src/main/AndroidManifest.xml:57:12-88
102            android:value="high_importance_channel" />
102-->src/main/AndroidManifest.xml:58:12-51
103
104        <service
104-->[:firebase_messaging] AndroidManifest.xml:12:9-15:72
105            android:name="io.flutter.plugins.firebase.messaging.FlutterFirebaseMessagingBackgroundService"
105-->[:firebase_messaging] AndroidManifest.xml:13:13-107
106            android:exported="false"
106-->[:firebase_messaging] AndroidManifest.xml:14:13-37
107            android:permission="android.permission.BIND_JOB_SERVICE" />
107-->[:firebase_messaging] AndroidManifest.xml:15:13-69
108        <service
108-->[:firebase_messaging] AndroidManifest.xml:16:9-22:19
109            android:name="io.flutter.plugins.firebase.messaging.FlutterFirebaseMessagingService"
109-->[:firebase_messaging] AndroidManifest.xml:17:13-97
110            android:exported="false" >
110-->[:firebase_messaging] AndroidManifest.xml:18:13-37
111            <intent-filter>
111-->[:firebase_messaging] AndroidManifest.xml:19:13-21:29
112                <action android:name="com.google.firebase.MESSAGING_EVENT" />
112-->[:firebase_messaging] AndroidManifest.xml:20:17-78
112-->[:firebase_messaging] AndroidManifest.xml:20:25-75
113            </intent-filter>
114        </service>
115
116        <receiver
116-->[:firebase_messaging] AndroidManifest.xml:24:9-31:20
117            android:name="io.flutter.plugins.firebase.messaging.FlutterFirebaseMessagingReceiver"
117-->[:firebase_messaging] AndroidManifest.xml:25:13-98
118            android:exported="true"
118-->[:firebase_messaging] AndroidManifest.xml:26:13-36
119            android:permission="com.google.android.c2dm.permission.SEND" >
119-->[:firebase_messaging] AndroidManifest.xml:27:13-73
120            <intent-filter>
120-->[:firebase_messaging] AndroidManifest.xml:28:13-30:29
121                <action android:name="com.google.android.c2dm.intent.RECEIVE" />
121-->[:firebase_messaging] AndroidManifest.xml:29:17-81
121-->[:firebase_messaging] AndroidManifest.xml:29:25-78
122            </intent-filter>
123        </receiver>
124
125        <service
125-->[:firebase_messaging] AndroidManifest.xml:33:9-37:19
126            android:name="com.google.firebase.components.ComponentDiscoveryService"
126-->[:firebase_messaging] AndroidManifest.xml:33:18-89
127            android:directBootAware="true"
127-->[com.google.firebase:firebase-common:20.1.0] AndroidManifest.xml:35:13-43
128            android:exported="false" >
128-->[com.google.firebase:firebase-analytics-ktx:20.1.2] AndroidManifest.xml:10:13-37
129            <meta-data
129-->[:firebase_messaging] AndroidManifest.xml:34:13-36:85
130                android:name="com.google.firebase.components:io.flutter.plugins.firebase.messaging.FlutterFirebaseAppRegistrar"
130-->[:firebase_messaging] AndroidManifest.xml:35:17-128
131                android:value="com.google.firebase.components.ComponentRegistrar" />
131-->[:firebase_messaging] AndroidManifest.xml:36:17-82
132            <meta-data
132-->[:firebase_core] AndroidManifest.xml:9:13-11:85
133                android:name="com.google.firebase.components:io.flutter.plugins.firebase.core.FlutterFirebaseCoreRegistrar"
133-->[:firebase_core] AndroidManifest.xml:10:17-124
134                android:value="com.google.firebase.components.ComponentRegistrar" />
134-->[:firebase_core] AndroidManifest.xml:11:17-82
135            <meta-data
135-->[com.google.firebase:firebase-analytics-ktx:20.1.2] AndroidManifest.xml:11:13-13:85
136                android:name="com.google.firebase.components:com.google.firebase.analytics.ktx.FirebaseAnalyticsKtxRegistrar"
136-->[com.google.firebase:firebase-analytics-ktx:20.1.2] AndroidManifest.xml:12:17-126
137                android:value="com.google.firebase.components.ComponentRegistrar" />
137-->[com.google.firebase:firebase-analytics-ktx:20.1.2] AndroidManifest.xml:13:17-82
138            <meta-data
138-->[com.google.firebase:firebase-common-ktx:20.1.0] AndroidManifest.xml:15:13-17:85
139                android:name="com.google.firebase.components:com.google.firebase.ktx.FirebaseCommonKtxRegistrar"
139-->[com.google.firebase:firebase-common-ktx:20.1.0] AndroidManifest.xml:16:17-113
140                android:value="com.google.firebase.components.ComponentRegistrar" />
140-->[com.google.firebase:firebase-common-ktx:20.1.0] AndroidManifest.xml:17:17-82
141            <meta-data
141-->[com.google.firebase:firebase-messaging:23.0.3] AndroidManifest.xml:55:13-57:85
142                android:name="com.google.firebase.components:com.google.firebase.messaging.FirebaseMessagingRegistrar"
142-->[com.google.firebase:firebase-messaging:23.0.3] AndroidManifest.xml:56:17-119
143                android:value="com.google.firebase.components.ComponentRegistrar" />
143-->[com.google.firebase:firebase-messaging:23.0.3] AndroidManifest.xml:57:17-82
144            <meta-data
144-->[com.google.firebase:firebase-datatransport:18.1.2] AndroidManifest.xml:28:13-30:85
145                android:name="com.google.firebase.components:com.google.firebase.datatransport.TransportRegistrar"
145-->[com.google.firebase:firebase-datatransport:18.1.2] AndroidManifest.xml:29:17-115
146                android:value="com.google.firebase.components.ComponentRegistrar" />
146-->[com.google.firebase:firebase-datatransport:18.1.2] AndroidManifest.xml:30:17-82
147            <meta-data
147-->[com.google.android.gms:play-services-measurement-api:20.1.2] AndroidManifest.xml:31:13-33:85
148                android:name="com.google.firebase.components:com.google.firebase.analytics.connector.internal.AnalyticsConnectorRegistrar"
148-->[com.google.android.gms:play-services-measurement-api:20.1.2] AndroidManifest.xml:32:17-139
149                android:value="com.google.firebase.components.ComponentRegistrar" />
149-->[com.google.android.gms:play-services-measurement-api:20.1.2] AndroidManifest.xml:33:17-82
150            <meta-data
150-->[com.google.firebase:firebase-installations:17.0.1] AndroidManifest.xml:18:13-20:85
151                android:name="com.google.firebase.components:com.google.firebase.installations.FirebaseInstallationsRegistrar"
151-->[com.google.firebase:firebase-installations:17.0.1] AndroidManifest.xml:19:17-127
152                android:value="com.google.firebase.components.ComponentRegistrar" />
152-->[com.google.firebase:firebase-installations:17.0.1] AndroidManifest.xml:20:17-82
153        </service>
154
155        <provider
155-->[:firebase_messaging] AndroidManifest.xml:39:9-43:38
156            android:name="io.flutter.plugins.firebase.messaging.FlutterFirebaseMessagingInitProvider"
156-->[:firebase_messaging] AndroidManifest.xml:40:13-102
157            android:authorities="indian.fastfood.recipes.flutterfirebasemessaginginitprovider"
157-->[:firebase_messaging] AndroidManifest.xml:41:13-88
158            android:exported="false"
158-->[:firebase_messaging] AndroidManifest.xml:42:13-37
159            android:initOrder="99" />
159-->[:firebase_messaging] AndroidManifest.xml:43:13-35
160
161        <receiver
161-->[:flutter_local_notifications] AndroidManifest.xml:13:9-15:40
162            android:name="com.dexterous.flutterlocalnotifications.ScheduledNotificationReceiver"
162-->[:flutter_local_notifications] AndroidManifest.xml:14:13-97
163            android:exported="false" />
163-->[:flutter_local_notifications] AndroidManifest.xml:15:13-37
164        <receiver
164-->[:flutter_local_notifications] AndroidManifest.xml:16:9-25:20
165            android:name="com.dexterous.flutterlocalnotifications.ScheduledNotificationBootReceiver"
165-->[:flutter_local_notifications] AndroidManifest.xml:17:13-101
166            android:exported="false" >
166-->[:flutter_local_notifications] AndroidManifest.xml:18:13-37
167            <intent-filter>
167-->[:flutter_local_notifications] AndroidManifest.xml:19:13-24:29
168                <action android:name="android.intent.action.BOOT_COMPLETED" />
168-->[:flutter_local_notifications] AndroidManifest.xml:20:17-79
168-->[:flutter_local_notifications] AndroidManifest.xml:20:25-76
169                <action android:name="android.intent.action.MY_PACKAGE_REPLACED" />
169-->[:flutter_local_notifications] AndroidManifest.xml:21:17-84
169-->[:flutter_local_notifications] AndroidManifest.xml:21:25-81
170                <action android:name="android.intent.action.QUICKBOOT_POWERON" />
170-->[:flutter_local_notifications] AndroidManifest.xml:22:17-82
170-->[:flutter_local_notifications] AndroidManifest.xml:22:25-79
171                <action android:name="com.htc.intent.action.QUICKBOOT_POWERON" />
171-->[:flutter_local_notifications] AndroidManifest.xml:23:17-82
171-->[:flutter_local_notifications] AndroidManifest.xml:23:25-79
172            </intent-filter>
173        </receiver>
174
175        <activity
175-->[:url_launcher_android] AndroidManifest.xml:8:9-11:74
176            android:name="io.flutter.plugins.urllauncher.WebViewActivity"
176-->[:url_launcher_android] AndroidManifest.xml:9:13-74
177            android:exported="false"
177-->[:url_launcher_android] AndroidManifest.xml:10:13-37
178            android:theme="@android:style/Theme.NoTitleBar.Fullscreen" />
178-->[:url_launcher_android] AndroidManifest.xml:11:13-71
179        <activity
179-->[:flutter_inappwebview] AndroidManifest.xml:14:9-18:47
180            android:name="com.pichillilorenzo.flutter_inappwebview.in_app_browser.InAppBrowserActivity"
180-->[:flutter_inappwebview] AndroidManifest.xml:15:13-104
181            android:configChanges="orientation|keyboardHidden|keyboard|screenSize|locale|layoutDirection|fontScale|screenLayout|density"
181-->[:flutter_inappwebview] AndroidManifest.xml:16:13-137
182            android:exported="true"
182-->[:flutter_inappwebview] AndroidManifest.xml:17:13-36
183            android:theme="@style/AppTheme" />
183-->[:flutter_inappwebview] AndroidManifest.xml:18:13-44
184        <activity
184-->[:flutter_inappwebview] AndroidManifest.xml:19:9-22:55
185            android:name="com.pichillilorenzo.flutter_inappwebview.chrome_custom_tabs.ChromeCustomTabsActivity"
185-->[:flutter_inappwebview] AndroidManifest.xml:20:13-112
186            android:exported="true"
186-->[:flutter_inappwebview] AndroidManifest.xml:21:13-36
187            android:theme="@style/ThemeTransparent" />
187-->[:flutter_inappwebview] AndroidManifest.xml:22:13-52
188        <activity
188-->[:flutter_inappwebview] AndroidManifest.xml:23:9-26:55
189            android:name="com.pichillilorenzo.flutter_inappwebview.chrome_custom_tabs.TrustedWebActivity"
189-->[:flutter_inappwebview] AndroidManifest.xml:24:13-106
190            android:exported="true"
190-->[:flutter_inappwebview] AndroidManifest.xml:25:13-36
191            android:theme="@style/ThemeTransparent" />
191-->[:flutter_inappwebview] AndroidManifest.xml:26:13-52
192        <activity
192-->[:flutter_inappwebview] AndroidManifest.xml:27:9-31:55
193            android:name="com.pichillilorenzo.flutter_inappwebview.chrome_custom_tabs.ChromeCustomTabsActivitySingleInstance"
193-->[:flutter_inappwebview] AndroidManifest.xml:28:13-126
194            android:exported="true"
194-->[:flutter_inappwebview] AndroidManifest.xml:29:13-36
195            android:launchMode="singleInstance"
195-->[:flutter_inappwebview] AndroidManifest.xml:30:13-48
196            android:theme="@style/ThemeTransparent" />
196-->[:flutter_inappwebview] AndroidManifest.xml:31:13-52
197        <activity
197-->[:flutter_inappwebview] AndroidManifest.xml:32:9-36:55
198            android:name="com.pichillilorenzo.flutter_inappwebview.chrome_custom_tabs.TrustedWebActivitySingleInstance"
198-->[:flutter_inappwebview] AndroidManifest.xml:33:13-120
199            android:exported="true"
199-->[:flutter_inappwebview] AndroidManifest.xml:34:13-36
200            android:launchMode="singleInstance"
200-->[:flutter_inappwebview] AndroidManifest.xml:35:13-48
201            android:theme="@style/ThemeTransparent" />
201-->[:flutter_inappwebview] AndroidManifest.xml:36:13-52
202
203        <receiver
203-->[:flutter_inappwebview] AndroidManifest.xml:38:9-41:40
204            android:name="com.pichillilorenzo.flutter_inappwebview.chrome_custom_tabs.ActionBroadcastReceiver"
204-->[:flutter_inappwebview] AndroidManifest.xml:39:13-111
205            android:enabled="true"
205-->[:flutter_inappwebview] AndroidManifest.xml:40:13-35
206            android:exported="false" />
206-->[:flutter_inappwebview] AndroidManifest.xml:41:13-37
207
208        <meta-data
208-->[:flutter_inappwebview] AndroidManifest.xml:43:9-45:36
209            android:name="io.flutter.embedded_views_preview"
209-->[:flutter_inappwebview] AndroidManifest.xml:44:13-61
210            android:value="true" />
210-->[:flutter_inappwebview] AndroidManifest.xml:45:13-33
211
212        <provider
212-->[:share_plus] AndroidManifest.xml:8:9-16:20
213            android:name="dev.fluttercommunity.plus.share.ShareFileProvider"
213-->[:share_plus] AndroidManifest.xml:9:13-77
214            android:authorities="indian.fastfood.recipes.flutter.share_provider"
214-->[:share_plus] AndroidManifest.xml:10:13-74
215            android:exported="false"
215-->[:share_plus] AndroidManifest.xml:11:13-37
216            android:grantUriPermissions="true" >
216-->[:share_plus] AndroidManifest.xml:12:13-47
217            <meta-data
217-->[:share_plus] AndroidManifest.xml:13:13-15:68
218                android:name="android.support.FILE_PROVIDER_PATHS"
218-->[:share_plus] AndroidManifest.xml:14:17-67
219                android:resource="@xml/flutter_share_file_paths" />
219-->[:share_plus] AndroidManifest.xml:15:17-65
220        </provider>
221        <provider
221-->[:share] AndroidManifest.xml:8:9-16:20
222            android:name="io.flutter.plugins.share.ShareFileProvider"
222-->[:share] AndroidManifest.xml:9:13-70
223            android:authorities="indian.fastfood.recipes.flutter.share_provider"
223-->[:share] AndroidManifest.xml:10:13-74
224            android:exported="false"
224-->[:share] AndroidManifest.xml:11:13-37
225            android:grantUriPermissions="true" >
225-->[:share] AndroidManifest.xml:12:13-47
226            <meta-data
226-->[:share_plus] AndroidManifest.xml:13:13-15:68
227                android:name="android.support.FILE_PROVIDER_PATHS"
227-->[:share_plus] AndroidManifest.xml:14:17-67
228                android:resource="@xml/flutter_share_file_paths" />
228-->[:share_plus] AndroidManifest.xml:15:17-65
229        </provider>
230
231        <uses-library
231-->[androidx.window:window:1.0.0-beta04] AndroidManifest.xml:25:9-27:40
232            android:name="androidx.window.extensions"
232-->[androidx.window:window:1.0.0-beta04] AndroidManifest.xml:26:13-54
233            android:required="false" />
233-->[androidx.window:window:1.0.0-beta04] AndroidManifest.xml:27:13-37
234        <uses-library
234-->[androidx.window:window:1.0.0-beta04] AndroidManifest.xml:28:9-30:40
235            android:name="androidx.window.sidecar"
235-->[androidx.window:window:1.0.0-beta04] AndroidManifest.xml:29:13-51
236            android:required="false" />
236-->[androidx.window:window:1.0.0-beta04] AndroidManifest.xml:30:13-37
237
238        <receiver
238-->[com.google.firebase:firebase-messaging:23.0.3] AndroidManifest.xml:31:9-38:20
239            android:name="com.google.firebase.iid.FirebaseInstanceIdReceiver"
239-->[com.google.firebase:firebase-messaging:23.0.3] AndroidManifest.xml:32:13-78
240            android:exported="true"
240-->[com.google.firebase:firebase-messaging:23.0.3] AndroidManifest.xml:33:13-36
241            android:permission="com.google.android.c2dm.permission.SEND" >
241-->[com.google.firebase:firebase-messaging:23.0.3] AndroidManifest.xml:34:13-73
242            <intent-filter>
242-->[:firebase_messaging] AndroidManifest.xml:28:13-30:29
243                <action android:name="com.google.android.c2dm.intent.RECEIVE" />
243-->[:firebase_messaging] AndroidManifest.xml:29:17-81
243-->[:firebase_messaging] AndroidManifest.xml:29:25-78
244            </intent-filter>
245        </receiver>
246        <!--
247             FirebaseMessagingService performs security checks at runtime,
248             but set to not exported to explicitly avoid allowing another app to call it.
249        -->
250        <service
250-->[com.google.firebase:firebase-messaging:23.0.3] AndroidManifest.xml:44:9-51:19
251            android:name="com.google.firebase.messaging.FirebaseMessagingService"
251-->[com.google.firebase:firebase-messaging:23.0.3] AndroidManifest.xml:45:13-82
252            android:directBootAware="true"
252-->[com.google.firebase:firebase-messaging:23.0.3] AndroidManifest.xml:46:13-43
253            android:exported="false" >
253-->[com.google.firebase:firebase-messaging:23.0.3] AndroidManifest.xml:47:13-37
254            <intent-filter android:priority="-500" >
254-->[:firebase_messaging] AndroidManifest.xml:19:13-21:29
255                <action android:name="com.google.firebase.MESSAGING_EVENT" />
255-->[:firebase_messaging] AndroidManifest.xml:20:17-78
255-->[:firebase_messaging] AndroidManifest.xml:20:25-75
256            </intent-filter>
257        </service>
258        <service
258-->[com.google.android.datatransport:transport-backend-cct:3.1.3] AndroidManifest.xml:29:9-35:19
259            android:name="com.google.android.datatransport.runtime.backends.TransportBackendDiscovery"
259-->[com.google.android.datatransport:transport-backend-cct:3.1.3] AndroidManifest.xml:30:13-103
260            android:exported="false" >
260-->[com.google.android.datatransport:transport-backend-cct:3.1.3] AndroidManifest.xml:31:13-37
261            <meta-data
261-->[com.google.android.datatransport:transport-backend-cct:3.1.3] AndroidManifest.xml:32:13-34:39
262                android:name="backend:com.google.android.datatransport.cct.CctBackendFactory"
262-->[com.google.android.datatransport:transport-backend-cct:3.1.3] AndroidManifest.xml:33:17-94
263                android:value="cct" />
263-->[com.google.android.datatransport:transport-backend-cct:3.1.3] AndroidManifest.xml:34:17-36
264        </service>
265        <service
265-->[com.google.android.datatransport:transport-runtime:3.1.3] AndroidManifest.xml:26:9-30:19
266            android:name="com.google.android.datatransport.runtime.scheduling.jobscheduling.JobInfoSchedulerService"
266-->[com.google.android.datatransport:transport-runtime:3.1.3] AndroidManifest.xml:27:13-117
267            android:exported="false"
267-->[com.google.android.datatransport:transport-runtime:3.1.3] AndroidManifest.xml:28:13-37
268            android:permission="android.permission.BIND_JOB_SERVICE" >
268-->[com.google.android.datatransport:transport-runtime:3.1.3] AndroidManifest.xml:29:13-69
269        </service>
270
271        <receiver
271-->[com.google.android.datatransport:transport-runtime:3.1.3] AndroidManifest.xml:32:9-34:40
272            android:name="com.google.android.datatransport.runtime.scheduling.jobscheduling.AlarmManagerSchedulerBroadcastReceiver"
272-->[com.google.android.datatransport:transport-runtime:3.1.3] AndroidManifest.xml:33:13-132
273            android:exported="false" />
273-->[com.google.android.datatransport:transport-runtime:3.1.3] AndroidManifest.xml:34:13-37
274
275        <provider
275-->[com.google.firebase:firebase-common:20.1.0] AndroidManifest.xml:26:9-31:39
276            android:name="com.google.firebase.provider.FirebaseInitProvider"
276-->[com.google.firebase:firebase-common:20.1.0] AndroidManifest.xml:27:13-77
277            android:authorities="indian.fastfood.recipes.firebaseinitprovider"
277-->[com.google.firebase:firebase-common:20.1.0] AndroidManifest.xml:28:13-72
278            android:directBootAware="true"
278-->[com.google.firebase:firebase-common:20.1.0] AndroidManifest.xml:29:13-43
279            android:exported="false"
279-->[com.google.firebase:firebase-common:20.1.0] AndroidManifest.xml:30:13-37
280            android:initOrder="100" />
280-->[com.google.firebase:firebase-common:20.1.0] AndroidManifest.xml:31:13-36
281
282        <receiver
282-->[com.google.android.gms:play-services-measurement:20.1.2] AndroidManifest.xml:29:9-33:20
283            android:name="com.google.android.gms.measurement.AppMeasurementReceiver"
283-->[com.google.android.gms:play-services-measurement:20.1.2] AndroidManifest.xml:30:13-85
284            android:enabled="true"
284-->[com.google.android.gms:play-services-measurement:20.1.2] AndroidManifest.xml:31:13-35
285            android:exported="false" >
285-->[com.google.android.gms:play-services-measurement:20.1.2] AndroidManifest.xml:32:13-37
286        </receiver>
287
288        <service
288-->[com.google.android.gms:play-services-measurement:20.1.2] AndroidManifest.xml:35:9-38:40
289            android:name="com.google.android.gms.measurement.AppMeasurementService"
289-->[com.google.android.gms:play-services-measurement:20.1.2] AndroidManifest.xml:36:13-84
290            android:enabled="true"
290-->[com.google.android.gms:play-services-measurement:20.1.2] AndroidManifest.xml:37:13-35
291            android:exported="false" />
291-->[com.google.android.gms:play-services-measurement:20.1.2] AndroidManifest.xml:38:13-37
292        <service
292-->[com.google.android.gms:play-services-measurement:20.1.2] AndroidManifest.xml:39:9-43:72
293            android:name="com.google.android.gms.measurement.AppMeasurementJobService"